Base path: /Applications/Unity/Unity.app/Contents
Pipe name: \\.\pipe\UnityShaderCompiler-1--1596972632
Cmd: getPlatforms
Cmd: compileSnippet
  api=0 type=0 insize=2053 outsize=1264 kw=LIGHTMAP_OFF ok=1
Cmd: compileSnippet
  api=0 type=1 insize=2053 outsize=768 kw=LIGHTMAP_OFF ok=1
Cmd: compileSnippet
  api=0 type=0 insize=1118 outsize=432 kw=LIGHTMAP_OFF ok=1
Cmd: compileSnippet
  api=0 type=1 insize=1118 outsize=223 kw=LIGHTMAP_OFF ok=1
Cmd: compileSnippet
  api=0 type=0 insize=2756 outsize=2058 kw= ok=1
Cmd: compileSnippet
  api=0 type=1 insize=2756 outsize=813 kw= ok=1
Cmd: compileSnippet
  api=0 type=0 insize=788 outsize=365 kw= ok=1
Cmd: compileSnippet
  api=0 type=1 insize=788 outsize=180 kw= ok=1
Cmd: compileSnippet
  api=0 type=0 insize=914 outsize=437 kw= ok=1
Cmd: compileSnippet
  api=0 type=1 insize=914 outsize=218 kw= ok=1
Cmd: compileSnippet
  api=0 type=0 insize=761 outsize=365 kw= ok=1
Cmd: compileSnippet
  api=0 type=1 insize=761 outsize=133 kw= ok=1
Cmd: compileSnippet
  api=0 type=0 insize=3978 outsize=609 kw= ok=1
Cmd: compileSnippet
  api=0 type=1 insize=3978 outsize=487 kw= ok=1
Cmd: compileSnippet
  api=0 type=0 insize=3997 outsize=610 kw= ok=1
Cmd: compileSnippet
  api=0 type=1 insize=3997 outsize=402 kw= ok=1
Cmd: compileSnippet
  api=0 type=0 insize=3999 outsize=610 kw= ok=1
Cmd: compileSnippet
  api=0 type=1 insize=3999 outsize=402 kw= ok=1
Cmd: compileSnippet
  api=0 type=0 insize=3994 outsize=330 kw= ok=1
Cmd: compileSnippet
  api=0 type=1 insize=3994 outsize=414 kw= ok=1
Cmd: compileSnippet
  api=0 type=0 insize=1413 outsize=372 kw= ok=1
Cmd: compileSnippet
  api=0 type=1 insize=1413 outsize=376 kw= ok=1
Cmd: compileSnippet
  api=0 type=0 insize=1042 outsize=365 kw= ok=1
Cmd: compileSnippet
  api=0 type=1 insize=1042 outsize=280 kw= ok=1
Cmd: compileSnippet
  api=0 type=0 insize=1031 outsize=365 kw= ok=1
Cmd: compileSnippet
  api=0 type=1 insize=1031 outsize=224 kw= ok=1
Cmd: compileSnippet
  api=0 type=0 insize=998 outsize=365 kw= ok=1
Cmd: compileSnippet
  api=0 type=1 insize=998 outsize=186 kw= ok=1
Cmd: compileSnippet
  api=0 type=0 insize=1528 outsize=534 kw= ok=1
Cmd: compileSnippet
  api=0 type=1 insize=1528 outsize=434 kw= ok=1
Cmd: compileSnippet
  api=0 type=0 insize=1960 outsize=743 kw=LIGHTMAP_OFF ok=1
Cmd: compileSnippet
  api=0 type=1 insize=1960 outsize=701 kw=LIGHTMAP_OFF ok=1
Cmd: compileSnippet
  api=0 type=0 insize=3284 outsize=618 kw= ok=1
Cmd: compileSnippet
  api=0 type=1 insize=3284 outsize=806 kw= ok=1
Cmd: compileSnippet
  api=0 type=0 insize=3295 outsize=618 kw= ok=1
Cmd: compileSnippet
  api=0 type=1 insize=3295 outsize=534 kw= ok=1
Cmd: compileSnippet
  api=0 type=0 insize=3308 outsize=328 kw= ok=1
Cmd: compileSnippet
  api=0 type=1 insize=3308 outsize=312 kw= ok=1
Cmd: compileSnippet
  api=0 type=0 insize=5385 outsize=328 kw= ok=1
Cmd: compileSnippet
  api=0 type=1 insize=5385 outsize=295 kw= ok=1
Cmd: compileSnippet
  api=0 type=0 insize=5385 outsize=328 kw= ok=1
Cmd: compileSnippet
  api=0 type=1 insize=5385 outsize=568 kw= ok=1
Cmd: compileSnippet
  api=0 type=0 insize=5385 outsize=328 kw= ok=1
Cmd: compileSnippet
  api=0 type=1 insize=5385 outsize=567 kw= ok=1
Cmd: compileSnippet
  api=0 type=0 insize=5384 outsize=428 kw= ok=1
Cmd: compileSnippet
  api=0 type=1 insize=5384 outsize=342 kw= ok=1
Cmd: compileSnippet
  api=0 type=0 insize=5386 outsize=328 kw= ok=1
Cmd: compileSnippet
  api=0 type=1 insize=5386 outsize=390 kw= ok=1
Cmd: compileSnippet
  api=0 type=0 insize=5393 outsize=428 kw= ok=1
Cmd: compileSnippet
  api=0 type=1 insize=5393 outsize=404 kw= ok=1
Cmd: compileSnippet
  api=0 type=0 insize=5383 outsize=478 kw= ok=1
Cmd: compileSnippet
  api=0 type=1 insize=5383 outsize=609 kw= ok=1
Cmd: compileSnippet
  api=0 type=0 insize=3981 outsize=330 kw= ok=1
Cmd: compileSnippet
  api=0 type=1 insize=3981 outsize=218 kw= ok=1
Cmd: compileSnippet
  api=0 type=0 insize=3986 outsize=609 kw= ok=1
Cmd: compileSnippet
  api=0 type=1 insize=3986 outsize=525 kw= ok=1
